running egg_info
writing ../../build/mo/mo.egg-info/PKG-INFO
writing dependency_links to ../../build/mo/mo.egg-info/dependency_links.txt
writing entry points to ../../build/mo/mo.egg-info/entry_points.txt
writing requirements to ../../build/mo/mo.egg-info/requires.txt
writing top-level names to ../../build/mo/mo.egg-info/top_level.txt
reading manifest file '../../build/mo/mo.egg-info/SOURCES.txt'
writing manifest file '../../build/mo/mo.egg-info/SOURCES.txt'
running build
running build_py
running install
running install_lib
running install_data
running install_egg_info
removing '/home/rich/ros2_ws/install/mo/lib/python3.10/site-packages/mo-0.0.0-py3.10.egg-info' (and everything under it)
Copying ../../build/mo/mo.egg-info to /home/rich/ros2_ws/install/mo/lib/python3.10/site-packages/mo-0.0.0-py3.10.egg-info
running install_scripts
Installing ALPRCameraPublisher script to /home/rich/ros2_ws/install/mo/lib/mo
Installing FastALPRSubscriber script to /home/rich/ros2_ws/install/mo/lib/mo
Installing fast_alpr_node script to /home/rich/ros2_ws/install/mo/lib/mo
writing list of installed files to '/home/rich/ros2_ws/build/mo/install.log'
